<?xml version="1.0" encoding="UTF-8"?>
<testng-results skipped="0" failed="1" ignored="0" total="6" passed="5">
  <reporter-output>
  </reporter-output>
  <suite name="Surefire suite" duration-ms="206807" started-at="2020-02-17T16:06:05 ART" finished-at="2020-02-17T16:09:32 ART">
    <groups>
    </groups>
    <test name="Surefire test" duration-ms="206807" started-at="2020-02-17T16:06:05 ART" finished-at="2020-02-17T16:09:32 ART">
      <class name="EjercicioFinal.TestFinal">
        <test-method status="PASS" signature="inicio()[pri:0, instance:EjercicioFinal.TestFinal@3ffc5af1]" name="inicio" is-config="true" duration-ms="23076" started-at="2020-02-17T16:06:05 ART" finished-at="2020-02-17T16:06:29 ART">
          <reporter-output>
          </reporter-output>
        </test-method> <!-- inicio -->
        <test-method status="PASS" signature="clickDress()[pri:0, instance:EjercicioFinal.TestFinal@3ffc5af1]" name="clickDress" duration-ms="10926" started-at="2020-02-17T16:06:29 ART" description="Ejercicio 2.1 &gt; DRESSES" finished-at="2020-02-17T16:06:39 ART">
          <reporter-output>
          </reporter-output>
        </test-method> <!-- clickDress -->
        <test-method status="PASS" signature="fin()[pri:0, instance:EjercicioFinal.TestFinal@3ffc5af1]" name="fin" is-config="true" duration-ms="900" started-at="2020-02-17T16:06:39 ART" finished-at="2020-02-17T16:06:40 ART">
          <reporter-output>
          </reporter-output>
        </test-method> <!-- fin -->
        <test-method status="PASS" signature="inicio()[pri:0, instance:EjercicioFinal.TestFinal@3ffc5af1]" name="inicio" is-config="true" duration-ms="19990" started-at="2020-02-17T16:06:40 ART" finished-at="2020-02-17T16:07:00 ART">
          <reporter-output>
          </reporter-output>
        </test-method> <!-- inicio -->
        <test-method status="FAIL" signature="clickWomen()[pri:0, instance:EjercicioFinal.TestFinal@3ffc5af1]" name="clickWomen" duration-ms="17264" started-at="2020-02-17T16:07:00 ART" description="Ejercicio 2.2 &gt; WOMEN" finished-at="2020-02-17T16:07:18 ART">
          <exception class="java.lang.AssertionError">
            <message>
              <![CDATA[>> SECCION INCORRECTA << expected [TOPS ] but found [WOMEN ]]]>
            </message>
            <full-stacktrace>
              <![CDATA[java.lang.AssertionError: >> SECCION INCORRECTA << expected [TOPS ] but found [WOMEN ]
at org.testng.Assert.fail(Assert.java:97)
at org.testng.Assert.assertEqualsImpl(Assert.java:136)
at org.testng.Assert.assertEquals(Assert.java:118)
at org.testng.Assert.assertEquals(Assert.java:575)
at EjercicioFinal.TestFinal.clickWomen(TestFinal.java:73)
at sun.reflect.NativeMethodAccessorImpl.invoke0(Native Method)
at sun.reflect.NativeMethodAccessorImpl.invoke(NativeMethodAccessorImpl.java:62)
at sun.reflect.DelegatingMethodAccessorImpl.invoke(DelegatingMethodAccessorImpl.java:43)
at java.lang.reflect.Method.invoke(Method.java:498)
at org.testng.internal.MethodInvocationHelper.invokeMethod(MethodInvocationHelper.java:133)
at org.testng.internal.TestInvoker.invokeMethod(TestInvoker.java:584)
at org.testng.internal.TestInvoker.invokeTestMethod(TestInvoker.java:172)
at org.testng.internal.MethodRunner.runInSequence(MethodRunner.java:46)
at org.testng.internal.TestInvoker$MethodInvocationAgent.invoke(TestInvoker.java:804)
at org.testng.internal.TestInvoker.invokeTestMethods(TestInvoker.java:145)
at org.testng.internal.TestMethodWorker.invokeTestMethods(TestMethodWorker.java:146)
at org.testng.internal.TestMethodWorker.run(TestMethodWorker.java:128)
at java.util.ArrayList.forEach(ArrayList.java:1257)
at org.testng.TestRunner.privateRun(TestRunner.java:770)
at org.testng.TestRunner.run(TestRunner.java:591)
at org.testng.SuiteRunner.runTest(SuiteRunner.java:402)
at org.testng.SuiteRunner.runSequentially(SuiteRunner.java:396)
at org.testng.SuiteRunner.privateRun(SuiteRunner.java:355)
at org.testng.SuiteRunner.run(SuiteRunner.java:304)
at org.testng.SuiteRunnerWorker.runSuite(SuiteRunnerWorker.java:53)
at org.testng.SuiteRunnerWorker.run(SuiteRunnerWorker.java:96)
at org.testng.TestNG.runSuitesSequentially(TestNG.java:1180)
at org.testng.TestNG.runSuitesLocally(TestNG.java:1102)
at org.testng.TestNG.runSuites(TestNG.java:1032)
at org.testng.TestNG.run(TestNG.java:1000)
at org.apache.maven.surefire.testng.TestNGExecutor.run(TestNGExecutor.java:135)
at org.apache.maven.surefire.testng.TestNGDirectoryTestSuite.executeSingleClass(TestNGDirectoryTestSuite.java:112)
at org.apache.maven.surefire.testng.TestNGDirectoryTestSuite.execute(TestNGDirectoryTestSuite.java:99)
at org.apache.maven.surefire.testng.TestNGProvider.invoke(TestNGProvider.java:146)
at org.apache.maven.surefire.booter.ForkedBooter.invokeProviderInSameClassLoader(ForkedBooter.java:384)
at org.apache.maven.surefire.booter.ForkedBooter.runSuitesInProcess(ForkedBooter.java:345)
at org.apache.maven.surefire.booter.ForkedBooter.execute(ForkedBooter.java:126)
at org.apache.maven.surefire.booter.ForkedBooter.main(ForkedBooter.java:418)
]]>
            </full-stacktrace>
          </exception> <!-- java.lang.AssertionError -->
          <reporter-output>
          </reporter-output>
        </test-method> <!-- clickWomen -->
        <test-method status="PASS" signature="fin()[pri:0, instance:EjercicioFinal.TestFinal@3ffc5af1]" name="fin" is-config="true" duration-ms="677" started-at="2020-02-17T16:07:18 ART" finished-at="2020-02-17T16:07:18 ART">
          <reporter-output>
          </reporter-output>
        </test-method> <!-- fin -->
        <test-method status="PASS" signature="inicio()[pri:0, instance:EjercicioFinal.TestFinal@3ffc5af1]" name="inicio" is-config="true" duration-ms="19874" started-at="2020-02-17T16:07:18 ART" finished-at="2020-02-17T16:07:38 ART">
          <reporter-output>
          </reporter-output>
        </test-method> <!-- inicio -->
        <test-method status="PASS" signature="loginIncorrecto()[pri:0, instance:EjercicioFinal.TestFinal@3ffc5af1]" name="loginIncorrecto" duration-ms="6632" started-at="2020-02-17T16:07:38 ART" description="Ejercicio 4 &gt; AutentificaciÃ³n Erronea" finished-at="2020-02-17T16:07:45 ART">
          <reporter-output>
          </reporter-output>
        </test-method> <!-- loginIncorrecto -->
        <test-method status="PASS" signature="fin()[pri:0, instance:EjercicioFinal.TestFinal@3ffc5af1]" name="fin" is-config="true" duration-ms="691" started-at="2020-02-17T16:07:45 ART" finished-at="2020-02-17T16:07:45 ART">
          <reporter-output>
          </reporter-output>
        </test-method> <!-- fin -->
        <test-method status="PASS" signature="inicio()[pri:0, instance:EjercicioFinal.TestFinal@3ffc5af1]" name="inicio" is-config="true" duration-ms="21105" started-at="2020-02-17T16:07:45 ART" finished-at="2020-02-17T16:08:07 ART">
          <reporter-output>
          </reporter-output>
        </test-method> <!-- inicio -->
        <test-method status="PASS" signature="searchExis()[pri:0, instance:EjercicioFinal.TestFinal@3ffc5af1]" name="searchExis" duration-ms="7912" started-at="2020-02-17T16:08:07 ART" description="Ejercicio 1.1 &gt; Exis" finished-at="2020-02-17T16:08:15 ART">
          <reporter-output>
          </reporter-output>
        </test-method> <!-- searchExis -->
        <test-method status="PASS" signature="fin()[pri:0, instance:EjercicioFinal.TestFinal@3ffc5af1]" name="fin" is-config="true" duration-ms="760" started-at="2020-02-17T16:08:15 ART" finished-at="2020-02-17T16:08:15 ART">
          <reporter-output>
          </reporter-output>
        </test-method> <!-- fin -->
        <test-method status="PASS" signature="inicio()[pri:0, instance:EjercicioFinal.TestFinal@3ffc5af1]" name="inicio" is-config="true" duration-ms="20924" started-at="2020-02-17T16:08:15 ART" finished-at="2020-02-17T16:08:36 ART">
          <reporter-output>
          </reporter-output>
        </test-method> <!-- inicio -->
        <test-method status="PASS" signature="searchInex()[pri:0, instance:EjercicioFinal.TestFinal@3ffc5af1]" name="searchInex" duration-ms="7244" started-at="2020-02-17T16:08:36 ART" description="Ejercicio 1.2 &gt; Inex" finished-at="2020-02-17T16:08:43 ART">
          <reporter-output>
          </reporter-output>
        </test-method> <!-- searchInex -->
        <test-method status="PASS" signature="fin()[pri:0, instance:EjercicioFinal.TestFinal@3ffc5af1]" name="fin" is-config="true" duration-ms="711" started-at="2020-02-17T16:08:43 ART" finished-at="2020-02-17T16:08:44 ART">
          <reporter-output>
          </reporter-output>
        </test-method> <!-- fin -->
        <test-method status="PASS" signature="inicio()[pri:0, instance:EjercicioFinal.TestFinal@3ffc5af1]" name="inicio" is-config="true" duration-ms="22033" started-at="2020-02-17T16:08:44 ART" finished-at="2020-02-17T16:09:06 ART">
          <reporter-output>
          </reporter-output>
        </test-method> <!-- inicio -->
        <test-method status="PASS" signature="selectTShirt()[pri:0, instance:EjercicioFinal.TestFinal@3ffc5af1]" name="selectTShirt" duration-ms="25233" started-at="2020-02-17T16:09:06 ART" description="Ejercicio 3 &gt; Dropdowns" finished-at="2020-02-17T16:09:31 ART">
          <reporter-output>
          </reporter-output>
        </test-method> <!-- selectTShirt -->
        <test-method status="PASS" signature="fin()[pri:0, instance:EjercicioFinal.TestFinal@3ffc5af1]" name="fin" is-config="true" duration-ms="779" started-at="2020-02-17T16:09:31 ART" finished-at="2020-02-17T16:09:32 ART">
          <reporter-output>
          </reporter-output>
        </test-method> <!-- fin -->
      </class> <!-- EjercicioFinal.TestFinal -->
    </test> <!-- Surefire test -->
  </suite> <!-- Surefire suite -->
</testng-results>
